Copyright 1986-2021 Xilinx, Inc. All Rights Reserved.
----------------------------------------------------------------------------------------------
| Tool Version : Vivado v.2021.1 (lin64) Build 3247384 Thu Jun 10 19:36:07 MDT 2021
| Date         : Fri Dec  9 16:44:09 2022
| Host         : c111-6.eecs.berkeley.edu running 64-bit CentOS Linux release 7.9.2009 (Core)
| Command      : report_timing_summary -file post_synth_timing_summary.rpt
| Design       : z1top
| Device       : 7z020-clg400
| Speed File   : -1  PRODUCTION 1.12 2019-11-22
----------------------------------------------------------------------------------------------

Timing Summary Report

------------------------------------------------------------------------------------------------
| Timer Settings
| --------------
------------------------------------------------------------------------------------------------

  Enable Multi Corner Analysis               :  Yes
  Enable Pessimism Removal                   :  Yes
  Pessimism Removal Resolution               :  Nearest Common Node
  Enable Input Delay Default Clock           :  No
  Enable Preset / Clear Arcs                 :  No
  Disable Flight Delays                      :  No
  Ignore I/O Paths                           :  No
  Timing Early Launch at Borrowing Latches   :  No
  Borrow Time for Max Delay Exceptions       :  Yes
  Merge Timing Exceptions                    :  Yes

  Corner  Analyze    Analyze    
  Name    Max Paths  Min Paths  
  ------  ---------  ---------  
  Slow    Yes        Yes        
  Fast    Yes        Yes        


------------------------------------------------------------------------------------------------
| Report Methodology
| ------------------
------------------------------------------------------------------------------------------------

No report available as report_methodology has not been run prior. Run report_methodology on the current design for the summary of methodology violations.



check_timing report

Table of Contents
-----------------
1. checking no_clock (322)
2. checking constant_clock (0)
3. checking pulse_width_clock (0)
4. checking unconstrained_internal_endpoints (34)
5. checking no_input_delay (3)
6. checking no_output_delay (1)
7. checking multiple_clock (0)
8. checking generated_clocks (0)
9. checking loops (0)
10. checking partial_input_delay (0)
11. checking partial_output_delay (0)
12. checking latch_loops (0)

1. checking no_clock (322)
--------------------------
 There are 32 register/latch pins with no clock driven by root clock pin: cpu/alu_register_q_reg[0]/Q (HIGH)

 There are 32 register/latch pins with no clock driven by root clock pin: cpu/alu_register_q_reg[1]/Q (HIGH)

 There is 1 register/latch pin with no clock driven by root clock pin: cpu/instruction_decode_register_q_reg[13]/Q (HIGH)

 There is 1 register/latch pin with no clock driven by root clock pin: cpu/instruction_decode_register_q_reg[14]/Q (HIGH)

 There are 32 register/latch pins with no clock driven by root clock pin: cpu/instruction_execute_register_q_reg[12]/Q (HIGH)

 There are 32 register/latch pins with no clock driven by root clock pin: cpu/instruction_execute_register_q_reg[13]/Q (HIGH)

 There are 32 register/latch pins with no clock driven by root clock pin: cpu/instruction_execute_register_q_reg[14]/Q (HIGH)

 There are 32 register/latch pins with no clock driven by root clock pin: cpu/instruction_execute_register_q_reg[2]/Q (HIGH)

 There are 32 register/latch pins with no clock driven by root clock pin: cpu/instruction_execute_register_q_reg[3]/Q (HIGH)

 There are 32 register/latch pins with no clock driven by root clock pin: cpu/instruction_execute_register_q_reg[4]/Q (HIGH)

 There are 32 register/latch pins with no clock driven by root clock pin: cpu/instruction_execute_register_q_reg[5]/Q (HIGH)

 There are 32 register/latch pins with no clock driven by root clock pin: cpu/instruction_execute_register_q_reg[6]/Q (HIGH)


2. checking constant_clock (0)
------------------------------
 There are 0 register/latch pins with constant_clock.


3. checking pulse_width_clock (0)
---------------------------------
 There are 0 register/latch pins which need pulse_width check


4. checking unconstrained_internal_endpoints (34)
-------------------------------------------------
 There are 34 pins that are not constrained for maximum delay. (HIGH)

 There are 0 pins that are not constrained for maximum delay due to constant clock.


5. checking no_input_delay (3)
------------------------------
 There are 3 input ports with no input delay specified. (HIGH)

 There are 0 input ports with no input delay but user has a false path constraint.


6. checking no_output_delay (1)
-------------------------------
 There is 1 port with no output delay specified. (HIGH)

 There are 0 ports with no output delay but user has a false path constraint

 There are 0 ports with no output delay but with a timing clock defined on it or propagating through it


7. checking multiple_clock (0)
------------------------------
 There are 0 register/latch pins with multiple clocks.


8. checking generated_clocks (0)
--------------------------------
 There are 0 generated clocks that are not connected to a clock source.


9. checking loops (0)
---------------------
 There are 0 combinational loops in the design.


10. checking partial_input_delay (0)
------------------------------------
 There are 0 input ports with partial input delay specified.


11. checking partial_output_delay (0)
-------------------------------------
 There are 0 ports with partial output delay specified.


12. checking latch_loops (0)
----------------------------
 There are 0 combinational latch loops in the design through latch input



------------------------------------------------------------------------------------------------
| Design Timing Summary
| ---------------------
------------------------------------------------------------------------------------------------

    WNS(ns)      TNS(ns)  TNS Failing Endpoints  TNS Total Endpoints      WHS(ns)      THS(ns)  THS Failing Endpoints  THS Total Endpoints     WPWS(ns)     TPWS(ns)  TPWS Failing Endpoints  TPWS Total Endpoints  
    -------      -------  ---------------------  -------------------      -------      -------  ---------------------  -------------------     --------     --------  ----------------------  --------------------  
     -0.864     -101.457                    146                 4692        0.086        0.000                      0                 4692        2.000        0.000                       0                  1738  


Timing constraints are not met.


------------------------------------------------------------------------------------------------
| Clock Summary
| -------------
------------------------------------------------------------------------------------------------

Clock                 Waveform(ns)         Period(ns)      Frequency(MHz)
-----                 ------------         ----------      --------------
CLK_125MHZ_FPGA       {0.000 4.000}        8.000           125.000         
  cpu_clk_int         {0.000 6.250}        12.500          80.000          
  cpu_clk_pll_fb_out  {0.000 20.000}       40.000          25.000          
  pwm_clk_int         {0.000 3.333}        6.667           150.000         
  pwm_clk_pll_fb_out  {0.000 20.000}       40.000          25.000          


------------------------------------------------------------------------------------------------
| Intra Clock Table
| -----------------
------------------------------------------------------------------------------------------------

Clock                     WNS(ns)      TNS(ns)  TNS Failing Endpoints  TNS Total Endpoints      WHS(ns)      THS(ns)  THS Failing Endpoints  THS Total Endpoints     WPWS(ns)     TPWS(ns)  TPWS Failing Endpoints  TPWS Total Endpoints  
-----                     -------      -------  ---------------------  -------------------      -------      -------  ---------------------  -------------------     --------     --------  ----------------------  --------------------  
CLK_125MHZ_FPGA                                                                                                                                                         2.000        0.000                       0                     2  
  cpu_clk_int              -0.864     -101.457                    146                 4692        0.086        0.000                      0                 4692        5.000        0.000                       0                  1728  
  cpu_clk_pll_fb_out                                                                                                                                                   12.633        0.000                       0                     3  
  pwm_clk_int                                                                                                                                                           4.511        0.000                       0                     2  
  pwm_clk_pll_fb_out                                                                                                                                                   12.633        0.000                       0                     3  


------------------------------------------------------------------------------------------------
| Inter Clock Table
| -----------------
------------------------------------------------------------------------------------------------

From Clock    To Clock          WNS(ns)      TNS(ns)  TNS Failing Endpoints  TNS Total Endpoints      WHS(ns)      THS(ns)  THS Failing Endpoints  THS Total Endpoints  
----------    --------          -------      -------  ---------------------  -------------------      -------      -------  ---------------------  -------------------  


------------------------------------------------------------------------------------------------
| Other Path Groups Table
| -----------------------
------------------------------------------------------------------------------------------------

Path Group    From Clock    To Clock          WNS(ns)      TNS(ns)  TNS Failing Endpoints  TNS Total Endpoints      WHS(ns)      THS(ns)  THS Failing Endpoints  THS Total Endpoints  
----------    ----------    --------          -------      -------  ---------------------  -------------------      -------      -------  ---------------------  -------------------  


------------------------------------------------------------------------------------------------
| Timing Details
| --------------
------------------------------------------------------------------------------------------------


---------------------------------------------------------------------------------------------------
From Clock:  CLK_125MHZ_FPGA
  To Clock:  CLK_125MHZ_FPGA

Setup :           NA  Failing Endpoints,  Worst Slack           NA  ,  Total Violation           NA
Hold  :           NA  Failing Endpoints,  Worst Slack           NA  ,  Total Violation           NA
PW    :            0  Failing Endpoints,  Worst Slack        2.000ns,  Total Violation        0.000ns
---------------------------------------------------------------------------------------------------


Pulse Width Checks
--------------------------------------------------------------------------------------
Clock Name:         CLK_125MHZ_FPGA
Waveform(ns):       { 0.000 4.000 }
Period(ns):         8.000
Sources:            { CLK_125MHZ_FPGA }

Check Type        Corner  Lib Pin           Reference Pin  Required(ns)  Actual(ns)  Slack(ns)  Location  Pin
Min Period        n/a     PLLE2_ADV/CLKIN1  n/a            1.249         8.000       6.751                clk_gen/plle2_cpu_inst/CLKIN1
Max Period        n/a     PLLE2_ADV/CLKIN1  n/a            52.633        8.000       44.633               clk_gen/plle2_cpu_inst/CLKIN1
Low Pulse Width   Slow    PLLE2_ADV/CLKIN1  n/a            2.000         4.000       2.000                clk_gen/plle2_cpu_inst/CLKIN1
High Pulse Width  Slow    PLLE2_ADV/CLKIN1  n/a            2.000         4.000       2.000                clk_gen/plle2_cpu_inst/CLKIN1



---------------------------------------------------------------------------------------------------
From Clock:  cpu_clk_int
  To Clock:  cpu_clk_int

Setup :          146  Failing Endpoints,  Worst Slack       -0.864ns,  Total Violation     -101.457ns
Hold  :            0  Failing Endpoints,  Worst Slack        0.086ns,  Total Violation        0.000ns
PW    :            0  Failing Endpoints,  Worst Slack        5.000ns,  Total Violation        0.000ns
---------------------------------------------------------------------------------------------------


Max Delay Paths
--------------------------------------------------------------------------------------
Slack (VIOLATED) :        -0.864ns  (required time - arrival time)
  Source:                 cpu/instruction_decode_register_q_reg[15]/C
                            (rising edge-triggered cell FDRE clocked by cpu_clk_int  {rise@0.000ns fall@6.250ns period=12.500ns})
  Destination:            cpu/on_chip_uart/uatransmit/bit_counter_reg[0]/R
                            (rising edge-triggered cell FDRE clocked by cpu_clk_int  {rise@0.000ns fall@6.250ns period=12.500ns})
  Path Group:             cpu_clk_int
  Path Type:              Setup (Max at Slow Process Corner)
  Requirement:            12.500ns  (cpu_clk_int rise@12.500ns - cpu_clk_int rise@0.000ns)
  Data Path Delay:        12.565ns  (logic 2.434ns (19.371%)  route 10.131ns (80.629%))
  Logic Levels:           12  (LUT5=3 LUT6=8 MUXF7=1)
  Clock Path Skew:        -0.145ns (DCD - SCD + CPR)
    Destination Clock Delay (DCD):    2.035ns = ( 14.535 - 12.500 ) 
    Source Clock Delay      (SCD):    2.250ns
    Clock Pessimism Removal (CPR):    0.070ns
  Clock Uncertainty:      0.097ns  ((TSJ^2 + DJ^2)^1/2) / 2 + PE
    Total System Jitter     (TSJ):    0.071ns
    Discrete Jitter          (DJ):    0.181ns
    Phase Error              (PE):    0.000ns

    Location             Delay type                Incr(ns)  Path(ns)    Netlist Resource(s)
  -------------------------------------------------------------------    -------------------
                         (clock cpu_clk_int rise edge)
                                                      0.000     0.000 r  
    H16                                               0.000     0.000 r  CLK_125MHZ_FPGA (IN)
                         net (fo=0)                   0.000     0.000    CLK_125MHZ_FPGA
    H16                  IBUF (Prop_ibuf_I_O)         1.451     1.451 r  CLK_125MHZ_FPGA_IBUF_inst/O
                         net (fo=2, unplaced)         0.584     2.035    clk_gen/clk_125mhz
                         PLLE2_ADV (Prop_plle2_adv_CLKIN1_CLKOUT0)
                                                     -1.485     0.550 r  clk_gen/plle2_cpu_inst/CLKOUT0
                         net (fo=1, unplaced)         0.800     1.350    clk_gen/cpu_clk_int
                         BUFG (Prop_bufg_I_O)         0.101     1.451 r  clk_gen/cpu_clk_buf/O
                         net (fo=1726, unplaced)      0.800     2.250    cpu/cpu_clk
                         FDRE                                         r  cpu/instruction_decode_register_q_reg[15]/C
  -------------------------------------------------------------------    -------------------
                         FDRE (Prop_fdre_C_Q)         0.478     2.728 r  cpu/instruction_decode_register_q_reg[15]/Q
                         net (fo=4, unplaced)         0.989     3.717    cpu/branch_comp/Q[0]
                         LUT6 (Prop_lut6_I0_O)        0.295     4.012 f  cpu/branch_comp/mem_reg_0_0_i_298/O
                         net (fo=2, unplaced)         0.913     4.925    cpu/branch_comp/mem_reg_0_0_i_298_n_1
                         LUT6 (Prop_lut6_I3_O)        0.124     5.049 r  cpu/branch_comp/mem_reg_0_0_i_263/O
                         net (fo=34, unplaced)        0.492     5.541    cpu/rs1_mux2/rs1_mux2_sel[1]
                         LUT5 (Prop_lut5_I1_O)        0.124     5.665 f  cpu/rs1_mux2/br_taken_reg_i_43/O
                         net (fo=6, unplaced)         0.934     6.599    cpu/a_mux/rs1_mux2_out[27]
                         LUT6 (Prop_lut6_I2_O)        0.124     6.723 f  cpu/a_mux/alu_register_q[27]_i_8/O
                         net (fo=17, unplaced)        1.167     7.890    cpu/ldx/a_mux_out[27]
                         LUT6 (Prop_lut6_I1_O)        0.124     8.014 f  cpu/ldx/mem_reg_0_0_i_269/O
                         net (fo=7, unplaced)         0.937     8.951    cpu/ldx/mem_reg_0_0_i_269_n_1
                         LUT6 (Prop_lut6_I1_O)        0.124     9.075 f  cpu/ldx/mem_reg_0_0_i_198/O
                         net (fo=2, unplaced)         0.913     9.988    cpu/ldx/mem_reg_0_0_i_198_n_1
                         LUT6 (Prop_lut6_I1_O)        0.124    10.112 f  cpu/ldx/mem_reg_0_0_i_97/O
                         net (fo=1, unplaced)         0.000    10.112    cpu/ldx/mem_reg_0_0_i_97_n_1
                         MUXF7 (Prop_muxf7_I1_O)      0.247    10.359 f  cpu/ldx/mem_reg_0_0_i_38/O
                         net (fo=2, unplaced)         0.433    10.792    cpu/x_cu/mem_reg_3_3_10
                         LUT5 (Prop_lut5_I2_O)        0.298    11.090 f  cpu/x_cu/mem_reg_0_0_i_7__0/O
                         net (fo=17, unplaced)        1.167    12.257    cpu/x_cu/ADDRARDADDR[8]
                         LUT6 (Prop_lut6_I2_O)        0.124    12.381 f  cpu/x_cu/bit_counter[3]_i_11/O
                         net (fo=1, unplaced)         0.449    12.830    cpu/x_cu/bit_counter[3]_i_11_n_1
                         LUT5 (Prop_lut5_I0_O)        0.124    12.954 f  cpu/x_cu/bit_counter[3]_i_7/O
                         net (fo=7, unplaced)         0.937    13.891    cpu/x_cu/mem_reg_0_0_i_3_0
                         LUT6 (Prop_lut6_I4_O)        0.124    14.015 r  cpu/x_cu/bit_counter[2]_i_1/O
                         net (fo=4, unplaced)         0.800    14.815    cpu/on_chip_uart/uatransmit/SR[0]
                         FDRE                                         r  cpu/on_chip_uart/uatransmit/bit_counter_reg[0]/R
  -------------------------------------------------------------------    -------------------

                         (clock cpu_clk_int rise edge)
                                                     12.500    12.500 r  
    H16                                               0.000    12.500 r  CLK_125MHZ_FPGA (IN)
                         net (fo=0)                   0.000    12.500    CLK_125MHZ_FPGA
    H16                  IBUF (Prop_ibuf_I_O)         1.380    13.880 r  CLK_125MHZ_FPGA_IBUF_inst/O
                         net (fo=2, unplaced)         0.439    14.319    clk_gen/clk_125mhz
                         PLLE2_ADV (Prop_plle2_adv_CLKIN1_CLKOUT0)
                                                     -1.290    13.030 r  clk_gen/plle2_cpu_inst/CLKOUT0
                         net (fo=1, unplaced)         0.760    13.789    clk_gen/cpu_clk_int
                         BUFG (Prop_bufg_I_O)         0.091    13.880 r  clk_gen/cpu_clk_buf/O
                         net (fo=1726, unplaced)      0.655    14.535    cpu/on_chip_uart/uatransmit/cpu_clk
                         FDRE                                         r  cpu/on_chip_uart/uatransmit/bit_counter_reg[0]/C
                         clock pessimism              0.070    14.605    
                         clock uncertainty           -0.097    14.508    
                         FDRE (Setup_fdre_C_R)       -0.557    13.951    cpu/on_chip_uart/uatransmit/bit_counter_reg[0]
  -------------------------------------------------------------------
                         required time                         13.951    
                         arrival time                         -14.815    
  -------------------------------------------------------------------
                         slack                                 -0.864    





Min Delay Paths
--------------------------------------------------------------------------------------
Slack (MET) :             0.086ns  (arrival time - required time)
  Source:                 cpu/pc_decode_register_q_reg[9]/C
                            (rising edge-triggered cell FDRE clocked by cpu_clk_int  {rise@0.000ns fall@6.250ns period=12.500ns})
  Destination:            cpu/br_predictor/cache/tag_reg_0_127_0_0/DP.HIGH/I
                            (rising edge-triggered cell RAMD64E clocked by cpu_clk_int  {rise@0.000ns fall@6.250ns period=12.500ns})
  Path Group:             cpu_clk_int
  Path Type:              Hold (Min at Fast Process Corner)
  Requirement:            0.000ns  (cpu_clk_int rise@0.000ns - cpu_clk_int rise@0.000ns)
  Data Path Delay:        0.325ns  (logic 0.147ns (45.247%)  route 0.178ns (54.753%))
  Logic Levels:           0  
  Clock Path Skew:        0.145ns (DCD - SCD - CPR)
    Destination Clock Delay (DCD):    0.761ns
    Source Clock Delay      (SCD):    0.429ns
    Clock Pessimism Removal (CPR):    0.188ns

    Location             Delay type                Incr(ns)  Path(ns)    Netlist Resource(s)
  -------------------------------------------------------------------    -------------------
                         (clock cpu_clk_int rise edge)
                                                      0.000     0.000 r  
    H16                                               0.000     0.000 r  CLK_125MHZ_FPGA (IN)
                         net (fo=0)                   0.000     0.000    CLK_125MHZ_FPGA
    H16                  IBUF (Prop_ibuf_I_O)         0.219     0.219 r  CLK_125MHZ_FPGA_IBUF_inst/O
                         net (fo=2, unplaced)         0.114     0.333    clk_gen/clk_125mhz
                         PLLE2_ADV (Prop_plle2_adv_CLKIN1_CLKOUT0)
                                                     -0.477    -0.144 r  clk_gen/plle2_cpu_inst/CLKOUT0
                         net (fo=1, unplaced)         0.337     0.193    clk_gen/cpu_clk_int
                         BUFG (Prop_bufg_I_O)         0.026     0.219 r  clk_gen/cpu_clk_buf/O
                         net (fo=1726, unplaced)      0.210     0.429    cpu/cpu_clk
                         FDRE                                         r  cpu/pc_decode_register_q_reg[9]/C
  -------------------------------------------------------------------    -------------------
                         FDRE (Prop_fdre_C_Q)         0.147     0.576 r  cpu/pc_decode_register_q_reg[9]/Q
                         net (fo=8, unplaced)         0.178     0.754    cpu/br_predictor/cache/tag_reg_0_127_0_0/D
                         RAMD64E                                      r  cpu/br_predictor/cache/tag_reg_0_127_0_0/DP.HIGH/I
  -------------------------------------------------------------------    -------------------

                         (clock cpu_clk_int rise edge)
                                                      0.000     0.000 r  
    H16                                               0.000     0.000 r  CLK_125MHZ_FPGA (IN)
                         net (fo=0)                   0.000     0.000    CLK_125MHZ_FPGA
    H16                  IBUF (Prop_ibuf_I_O)         0.406     0.406 r  CLK_125MHZ_FPGA_IBUF_inst/O
                         net (fo=2, unplaced)         0.259     0.665    clk_gen/clk_125mhz
                         PLLE2_ADV (Prop_plle2_adv_CLKIN1_CLKOUT0)
                                                     -0.643     0.023 r  clk_gen/plle2_cpu_inst/CLKOUT0
                         net (fo=1, unplaced)         0.355     0.377    clk_gen/cpu_clk_int
                         BUFG (Prop_bufg_I_O)         0.029     0.406 r  clk_gen/cpu_clk_buf/O
                         net (fo=1726, unplaced)      0.355     0.761    cpu/br_predictor/cache/tag_reg_0_127_0_0/WCLK
                         RAMD64E                                      r  cpu/br_predictor/cache/tag_reg_0_127_0_0/DP.HIGH/CLK
                         clock pessimism             -0.188     0.574    
                         RAMD64E (Hold_ramd64e_CLK_I)
                                                      0.094     0.668    cpu/br_predictor/cache/tag_reg_0_127_0_0/DP.HIGH
  -------------------------------------------------------------------
                         required time                         -0.668    
                         arrival time                           0.754    
  -------------------------------------------------------------------
                         slack                                  0.086    





Pulse Width Checks
--------------------------------------------------------------------------------------
Clock Name:         cpu_clk_int
Waveform(ns):       { 0.000 6.250 }
Period(ns):         12.500
Sources:            { clk_gen/plle2_cpu_inst/CLKOUT0 }

Check Type        Corner  Lib Pin             Reference Pin  Required(ns)  Actual(ns)  Slack(ns)  Location  Pin
Min Period        n/a     RAMB36E1/CLKARDCLK  n/a            2.944         12.500      9.556                cpu/imem/mem_reg_0_0/CLKARDCLK
Max Period        n/a     PLLE2_ADV/CLKOUT0   n/a            160.000       12.500      147.500              clk_gen/plle2_cpu_inst/CLKOUT0
Low Pulse Width   Slow    RAMD64E/CLK         n/a            1.250         6.250       5.000                cpu/br_predictor/cache/data_reg_0_127_0_0/DP.HIGH/CLK
High Pulse Width  Slow    RAMD64E/CLK         n/a            1.250         6.250       5.000                cpu/br_predictor/cache/data_reg_0_127_0_0/DP.HIGH/CLK



---------------------------------------------------------------------------------------------------
From Clock:  cpu_clk_pll_fb_out
  To Clock:  cpu_clk_pll_fb_out

Setup :           NA  Failing Endpoints,  Worst Slack           NA  ,  Total Violation           NA
Hold  :           NA  Failing Endpoints,  Worst Slack           NA  ,  Total Violation           NA
PW    :            0  Failing Endpoints,  Worst Slack       12.633ns,  Total Violation        0.000ns
---------------------------------------------------------------------------------------------------


Pulse Width Checks
--------------------------------------------------------------------------------------
Clock Name:         cpu_clk_pll_fb_out
Waveform(ns):       { 0.000 20.000 }
Period(ns):         40.000
Sources:            { clk_gen/plle2_cpu_inst/CLKFBOUT }

Check Type  Corner  Lib Pin            Reference Pin  Required(ns)  Actual(ns)  Slack(ns)  Location  Pin
Min Period  n/a     BUFG/I             n/a            2.155         40.000      37.845               clk_gen/cpu_clk_f_buf/I
Max Period  n/a     PLLE2_ADV/CLKFBIN  n/a            52.633        40.000      12.633               clk_gen/plle2_cpu_inst/CLKFBIN



---------------------------------------------------------------------------------------------------
From Clock:  pwm_clk_int
  To Clock:  pwm_clk_int

Setup :           NA  Failing Endpoints,  Worst Slack           NA  ,  Total Violation           NA
Hold  :           NA  Failing Endpoints,  Worst Slack           NA  ,  Total Violation           NA
PW    :            0  Failing Endpoints,  Worst Slack        4.511ns,  Total Violation        0.000ns
---------------------------------------------------------------------------------------------------


Pulse Width Checks
--------------------------------------------------------------------------------------
Clock Name:         pwm_clk_int
Waveform(ns):       { 0.000 3.333 }
Period(ns):         6.667
Sources:            { clk_gen/plle2_pwm_inst/CLKOUT0 }

Check Type  Corner  Lib Pin            Reference Pin  Required(ns)  Actual(ns)  Slack(ns)  Location  Pin
Min Period  n/a     BUFG/I             n/a            2.155         6.667       4.511                clk_gen/pwm_clk_buf/I
Max Period  n/a     PLLE2_ADV/CLKOUT0  n/a            160.000       6.667       153.333              clk_gen/plle2_pwm_inst/CLKOUT0



---------------------------------------------------------------------------------------------------
From Clock:  pwm_clk_pll_fb_out
  To Clock:  pwm_clk_pll_fb_out

Setup :           NA  Failing Endpoints,  Worst Slack           NA  ,  Total Violation           NA
Hold  :           NA  Failing Endpoints,  Worst Slack           NA  ,  Total Violation           NA
PW    :            0  Failing Endpoints,  Worst Slack       12.633ns,  Total Violation        0.000ns
---------------------------------------------------------------------------------------------------


Pulse Width Checks
--------------------------------------------------------------------------------------
Clock Name:         pwm_clk_pll_fb_out
Waveform(ns):       { 0.000 20.000 }
Period(ns):         40.000
Sources:            { clk_gen/plle2_pwm_inst/CLKFBOUT }

Check Type  Corner  Lib Pin            Reference Pin  Required(ns)  Actual(ns)  Slack(ns)  Location  Pin
Min Period  n/a     BUFG/I             n/a            2.155         40.000      37.845               clk_gen/pwm_clk_f_buf/I
Max Period  n/a     PLLE2_ADV/CLKFBIN  n/a            52.633        40.000      12.633               clk_gen/plle2_pwm_inst/CLKFBIN



